Using pre-set license
Built from '2020.3/staging' branch; Version is '2020.3.17f1 (a4537701e4ab) revision 10769271'; Using compiler version '192528614'; Build Type 'Release'
OS: 'Windows 10 Pro; OS build 19042.1288; Version 2009; 64bit' Language: 'en' Physical Memory: 16332 MB
BatchMode: 1, IsHumanControllingUs: 0, StartBugReporterOnCrash: 0, Is64bit: 1, IsPro: 0

COMMAND LINE ARGUMENTS:
C:\Users\Julaxe\Documents\dev\Unity\2020.3.17f1\Editor\Unity.exe
-adb2
-batchMode
-noUpm
-name
AssetImportWorker0
-projectPath
C:/Users/Julaxe/Documents/dev/GBC/GameEnginelll/3023-F2021-Midterm-B
-logFile
Logs/AssetImportWorker0.log
-srvPort
58334
Successfully changed project path to: C:/Users/Julaxe/Documents/dev/GBC/GameEnginelll/3023-F2021-Midterm-B
C:/Users/Julaxe/Documents/dev/GBC/GameEnginelll/3023-F2021-Midterm-B
Using Asset Import Pipeline V2.
Refreshing native plugins compatible for Editor in 42.17 ms, found 3 plugins.
Preloading 0 native plugins for Editor in 0.00 ms.
Initialize engine version: 2020.3.17f1 (a4537701e4ab)
[Subsystems] Discovering subsystems at path C:/Users/Julaxe/Documents/dev/Unity/2020.3.17f1/Editor/Data/Resources/UnitySubsystems
[Subsystems] Discovering subsystems at path C:/Users/Julaxe/Documents/dev/GBC/GameEnginelll/3023-F2021-Midterm-B/Assets
GfxDevice: creating device client; threaded=0
Direct3D:
    Version:  Direct3D 11.0 [level 11.1]
    Renderer: Radeon RX 570 Series (ID=0x67df)
    Vendor:   
    VRAM:     4075 MB
    Driver:   27.20.22001.14011
Initialize mono
Mono path[0] = 'C:/Users/Julaxe/Documents/dev/Unity/2020.3.17f1/Editor/Data/Managed'
Mono path[1] = 'C:/Users/Julaxe/Documents/dev/Unity/2020.3.17f1/Editor/Data/MonoBleedingEdge/lib/mono/unityjit'
Mono config path = 'C:/Users/Julaxe/Documents/dev/Unity/2020.3.17f1/Editor/Data/MonoBleedingEdge/etc'
Using monoOptions --debugger-agent=transport=dt_socket,embedding=1,server=y,suspend=n,address=127.0.0.1:56128
Begin MonoManager ReloadAssembly
Registering precompiled unity dll's ...
Register platform support module: C:/Users/Julaxe/Documents/dev/Unity/2020.3.17f1/Editor/Data/PlaybackEngines/WindowsStandaloneSupport/UnityEditor.WindowsStandalone.Extensions.dll
Registered in 0.001664 seconds.
Native extension for WindowsStandalone target not found
Refreshing native plugins compatible for Editor in 37.64 ms, found 3 plugins.
Preloading 0 native plugins for Editor in 0.00 ms.
Mono: successfully reloaded assembly
- Completed reload, in  0.977 seconds
Domain Reload Profiling:
	ReloadAssembly (977ms)
		BeginReloadAssembly (48ms)
			ExecutionOrderSort (0ms)
			DisableScriptedObjects (0ms)
			BackupInstance (0ms)
			ReleaseScriptingObjects (0ms)
			CreateAndSetChildDomain (1ms)
		EndReloadAssembly (375ms)
			LoadAssemblies (46ms)
			RebuildTransferFunctionScriptingTraits (0ms)
			SetupTypeCache (130ms)
			ReleaseScriptCaches (0ms)
			RebuildScriptCaches (33ms)
			SetupLoadedEditorAssemblies (150ms)
				LogAssemblyErrors (0ms)
				InitializePlatformSupportModulesInManaged (4ms)
				SetLoadedEditorAssemblies (0ms)
				RefreshPlugins (38ms)
				BeforeProcessingInitializeOnLoad (16ms)
				ProcessInitializeOnLoadAttributes (69ms)
				ProcessInitializeOnLoadMethodAttributes (24ms)
				AfterProcessingInitializeOnLoad (0ms)
				EditorAssembliesLoaded (0ms)
			ExecutionOrderSort2 (0ms)
			AwakeInstancesAfterBackupRestoration (0ms)
Platform modules already initialized, skipping
Registering precompiled user dll's ...
Registered in 0.003369 seconds.
Begin MonoManager ReloadAssembly
Native extension for WindowsStandalone target not found
Refreshing native plugins compatible for Editor in 36.48 ms, found 3 plugins.
Preloading 0 native plugins for Editor in 0.00 ms.
Mono: successfully reloaded assembly
- Completed reload, in  1.073 seconds
Domain Reload Profiling:
	ReloadAssembly (1074ms)
		BeginReloadAssembly (128ms)
			ExecutionOrderSort (0ms)
			DisableScriptedObjects (4ms)
			BackupInstance (0ms)
			ReleaseScriptingObjects (0ms)
			CreateAndSetChildDomain (19ms)
		EndReloadAssembly (890ms)
			LoadAssemblies (78ms)
			RebuildTransferFunctionScriptingTraits (0ms)
			SetupTypeCache (247ms)
			ReleaseScriptCaches (1ms)
			RebuildScriptCaches (56ms)
			SetupLoadedEditorAssemblies (396ms)
				LogAssemblyErrors (0ms)
				InitializePlatformSupportModulesInManaged (4ms)
				SetLoadedEditorAssemblies (0ms)
				RefreshPlugins (37ms)
				BeforeProcessingInitializeOnLoad (82ms)
				ProcessInitializeOnLoadAttributes (257ms)
				ProcessInitializeOnLoadMethodAttributes (11ms)
				AfterProcessingInitializeOnLoad (5ms)
				EditorAssembliesLoaded (0ms)
			ExecutionOrderSort2 (0ms)
			AwakeInstancesAfterBackupRestoration (6ms)
Platform modules already initialized, skipping
========================================================================
Worker process is ready to serve import requests
Launched and connected shader compiler UnityShaderCompiler.exe after 0.05 seconds
Refreshing native plugins compatible for Editor in 0.58 ms, found 3 plugins.
Preloading 0 native plugins for Editor in 0.00 ms.
Unloading 2110 Unused Serialized files (Serialized files now loaded: 0)
System memory in use before: 95.4 MB.
System memory in use after: 95.5 MB.

Unloading 28 unused Assets to reduce memory usage. Loaded Objects now: 2547.
Total: 3.882500 ms (FindLiveObjects: 0.241600 ms CreateObjectMapping: 0.048100 ms MarkObjects: 3.520400 ms  DeleteObjects: 0.071200 ms)

AssetImportParameters requested are different than current active one (requested -> active):
  custom:framework-win-MediaFoundation: 216162199b28c13a410421893ffa2e32 -> 
  custom:video-decoder-ogg-theora: a1e56fd34408186e4bbccfd4996cb3dc -> 
  custom:container-muxer-webm: aa71ff27fc2769a1b78a27578f13a17b -> 
  custom:container-demuxer-webm: 4f35f7cbe854078d1ac9338744f61a02 -> 
  custom:container-demuxer-ogg: 62fdf1f143b41e24485cea50d1cbac27 -> 
  custom:video-encoder-webm-vp8: eb34c28f22e8b96e1ab97ce403110664 -> 
  custom:video-decoder-webm-vp8: 9c59270c3fd7afecdb556c50c9e8de78 -> 
  custom:audio-decoder-ogg-vorbis: bf7c407c2cedff20999df2af8eb42d56 -> 
  custom:audio-encoder-webm-vorbis: bf7c407c2cedff20999df2af8eb42d56 -> 
========================================================================
Received Import Request.
  path: Assets/GridItems.png
  artifactKey: Guid(0657a0b2892d4cf49b09e2fec63a8531) Importer(815301076,1909f56bfc062723c751e8b465ee728b)
Start importing Assets/GridItems.png using Guid(0657a0b2892d4cf49b09e2fec63a8531) Importer(815301076,1909f56bfc062723c751e8b465ee728b)  -> (artifact id: '7b76de40ebb6704a0c48f3e99ec3cda2') in 0.151831 seconds 
  Import took 0.155341 seconds .

========================================================================
Received Import Request.
  Time since last request: 0.000427 seconds.
  path: Assets/1x2 Variant.prefab
  artifactKey: Guid(c27e902803e0ced4abd58b5e225971ba) Importer(815301076,1909f56bfc062723c751e8b465ee728b)
Start importing Assets/1x2 Variant.prefab using Guid(c27e902803e0ced4abd58b5e225971ba) Importer(815301076,1909f56bfc062723c751e8b465ee728b)  -> (artifact id: '6b6b90c3e3747565f762d697f9009b54') in 0.060255 seconds 
  Import took 0.063232 seconds .

========================================================================
Received Import Request.
  Time since last request: 0.000197 seconds.
  path: Assets/1x3 Variant.prefab
  artifactKey: Guid(e1b206f29b3329d40bcbce1adffc039e) Importer(815301076,1909f56bfc062723c751e8b465ee728b)
Start importing Assets/1x3 Variant.prefab using Guid(e1b206f29b3329d40bcbce1adffc039e) Importer(815301076,1909f56bfc062723c751e8b465ee728b)  -> (artifact id: 'ed27a2922272293210af93325329eba8') in 0.024894 seconds 
  Import took 0.028247 seconds .

========================================================================
Received Import Request.
  Time since last request: 0.000178 seconds.
  path: Assets/Exterior.png
  artifactKey: Guid(2ae3929023ee4e943b6705d70498298c) Importer(815301076,1909f56bfc062723c751e8b465ee728b)
Start importing Assets/Exterior.png using Guid(2ae3929023ee4e943b6705d70498298c) Importer(815301076,1909f56bfc062723c751e8b465ee728b)  -> (artifact id: '28cbb1f2c83a5fe24bd0da21965a4f88') in 0.015949 seconds 
  Import took 0.018816 seconds .

========================================================================
Received Import Request.
  Time since last request: 0.000185 seconds.
  path: Assets/InventoryCanvas.prefab
  artifactKey: Guid(0b667c596ffa1b94ea20e868bf1c0298) Importer(815301076,1909f56bfc062723c751e8b465ee728b)
Start importing Assets/InventoryCanvas.prefab using Guid(0b667c596ffa1b94ea20e868bf1c0298) Importer(815301076,1909f56bfc062723c751e8b465ee728b)  -> (artifact id: 'd19adbf9b369344434524d95f74b326d') in 0.032552 seconds 
  Import took 0.035534 seconds .

========================================================================
Received Import Request.
  Time since last request: 0.000173 seconds.
  path: Assets/2x2 Variant.prefab
  artifactKey: Guid(a27e5c69a4b33c3468739da79e95b83d) Importer(815301076,1909f56bfc062723c751e8b465ee728b)
Start importing Assets/2x2 Variant.prefab using Guid(a27e5c69a4b33c3468739da79e95b83d) Importer(815301076,1909f56bfc062723c751e8b465ee728b)  -> (artifact id: 'bb401c3df2cc17dede759f5ff04c3f22') in 0.024886 seconds 
  Import took 0.028130 seconds .

========================================================================
Received Import Request.
  Time since last request: 0.000187 seconds.
  path: Assets/ContainerCanvas.prefab
  artifactKey: Guid(5ca3bd1b1d0dce74fbcd548aab2af64c) Importer(815301076,1909f56bfc062723c751e8b465ee728b)
Start importing Assets/ContainerCanvas.prefab using Guid(5ca3bd1b1d0dce74fbcd548aab2af64c) Importer(815301076,1909f56bfc062723c751e8b465ee728b)  -> (artifact id: '7ddb1657a78b210b6d7175e2848520cc') in 0.024515 seconds 
  Import took 0.027564 seconds .

========================================================================
Received Import Request.
  Time since last request: 0.000176 seconds.
  path: Assets/Container.prefab
  artifactKey: Guid(52c108130103e8443a767caaa11989f0) Importer(815301076,1909f56bfc062723c751e8b465ee728b)
Start importing Assets/Container.prefab using Guid(52c108130103e8443a767caaa11989f0) Importer(815301076,1909f56bfc062723c751e8b465ee728b)  -> (artifact id: 'ac78e08c354ad3ee4c9a7e410f3cebeb') in 0.060509 seconds 
  Import took 0.064474 seconds .

========================================================================
Received Import Request.
  Time since last request: 475.369999 seconds.
  path: Assets/ItemInstance.prefab
  artifactKey: Guid(73881833c406e5642ac97d666661f18b) Importer(815301076,1909f56bfc062723c751e8b465ee728b)
Start importing Assets/ItemInstance.prefab using Guid(73881833c406e5642ac97d666661f18b) Importer(815301076,1909f56bfc062723c751e8b465ee728b)  -> (artifact id: '62a43da55ec71157e9e4c59f54dbacfc') in 0.030607 seconds 
  Import took 0.035263 seconds .

========================================================================
Received Import Request.
  Time since last request: 0.000179 seconds.
  path: Assets/Sword.asset
  artifactKey: Guid(134b977f822d05e4ea7e2e7dae0d5d8d) Importer(815301076,1909f56bfc062723c751e8b465ee728b)
Start importing Assets/Sword.asset using Guid(134b977f822d05e4ea7e2e7dae0d5d8d) Importer(815301076,1909f56bfc062723c751e8b465ee728b)  -> (artifact id: '5978afb092db505cada28632c975b815') in 0.008061 seconds 
  Import took 0.011166 seconds .

========================================================================
Received Import Request.
  Time since last request: 0.000188 seconds.
  path: Assets/ItemSlot.prefab
  artifactKey: Guid(7d0c280c18fc7f44d993301e547d625c) Importer(815301076,1909f56bfc062723c751e8b465ee728b)
Start importing Assets/ItemSlot.prefab using Guid(7d0c280c18fc7f44d993301e547d625c) Importer(815301076,1909f56bfc062723c751e8b465ee728b)  -> (artifact id: '990737f177b7684397e6c5d8b24af1af') in 0.007414 seconds 
  Import took 0.010295 seconds .

========================================================================
Received Import Request.
  Time since last request: 0.000168 seconds.
  path: Assets/MasterItemTable.asset
  artifactKey: Guid(68fcaca77375b5e4292e6f67da4b0f39) Importer(815301076,1909f56bfc062723c751e8b465ee728b)
Start importing Assets/MasterItemTable.asset using Guid(68fcaca77375b5e4292e6f67da4b0f39) Importer(815301076,1909f56bfc062723c751e8b465ee728b)  -> (artifact id: '7246914bc46c689d37f17d9a7abf7fe4') in 0.007153 seconds 
  Import took 0.010521 seconds .

========================================================================
Received Import Request.
  Time since last request: 0.000189 seconds.
  path: Assets/menu_ui_edited.png
  artifactKey: Guid(da04ad9ed457b584783a51b974e45814) Importer(815301076,1909f56bfc062723c751e8b465ee728b)
Start importing Assets/menu_ui_edited.png using Guid(da04ad9ed457b584783a51b974e45814) Importer(815301076,1909f56bfc062723c751e8b465ee728b)  -> (artifact id: 'cd65625006d9e4962a71fb24fae73c1b') in 0.163867 seconds 
  Import took 0.167810 seconds .

========================================================================
Received Import Request.
  Time since last request: 0.000209 seconds.
  path: Assets/Round Potion.asset
  artifactKey: Guid(32277c07679921e4093ffce267ad8942) Importer(815301076,1909f56bfc062723c751e8b465ee728b)
Start importing Assets/Round Potion.asset using Guid(32277c07679921e4093ffce267ad8942) Importer(815301076,1909f56bfc062723c751e8b465ee728b)  -> (artifact id: '1e7fc5a70d3391f78b71826e406f09b2') in 0.006757 seconds 
  Import took 0.010608 seconds .

========================================================================
Received Import Request.
  Time since last request: 0.000190 seconds.
  path: Assets/Spear.asset
  artifactKey: Guid(d1cfec75f4f86954b92a563fe5933e5b) Importer(815301076,1909f56bfc062723c751e8b465ee728b)
Start importing Assets/Spear.asset using Guid(d1cfec75f4f86954b92a563fe5933e5b) Importer(815301076,1909f56bfc062723c751e8b465ee728b)  -> (artifact id: '62dec2e3601ee341a0e27ac5b86025d9') in 0.006542 seconds 
  Import took 0.010388 seconds .

========================================================================
Received Import Request.
  Time since last request: 4.106018 seconds.
  path: Assets/Scenes/SampleScene.unity
  artifactKey: Guid(9cc5c2fc7c8394344a7aa3ec4d7ce45f) Importer(815301076,1909f56bfc062723c751e8b465ee728b)
Start importing Assets/Scenes/SampleScene.unity using Guid(9cc5c2fc7c8394344a7aa3ec4d7ce45f) Importer(815301076,1909f56bfc062723c751e8b465ee728b)  -> (artifact id: '7c335acc78a729cc16d4f3632c147597') in 0.005999 seconds 
  Import took 0.009479 seconds .

========================================================================
Received Import Request.
  Time since last request: 0.008825 seconds.
  path: Assets/Scenes/SampleScene.unity
  artifactKey: Guid(9cc5c2fc7c8394344a7aa3ec4d7ce45f) Importer(815301076,1909f56bfc062723c751e8b465ee728b)
Start importing Assets/Scenes/SampleScene.unity using Guid(9cc5c2fc7c8394344a7aa3ec4d7ce45f) Importer(815301076,1909f56bfc062723c751e8b465ee728b)  -> (artifact id: '7c335acc78a729cc16d4f3632c147597') in 0.002430 seconds 
  Import took 0.005966 seconds .

========================================================================
Received Prepare
Registering precompiled user dll's ...
Registered in 0.003409 seconds.
Begin MonoManager ReloadAssembly
Native extension for WindowsStandalone target not found
Refreshing native plugins compatible for Editor in 0.57 ms, found 3 plugins.
Preloading 0 native plugins for Editor in 0.00 ms.
Mono: successfully reloaded assembly
- Completed reload, in  0.977 seconds
Domain Reload Profiling:
	ReloadAssembly (977ms)
		BeginReloadAssembly (109ms)
			ExecutionOrderSort (0ms)
			DisableScriptedObjects (5ms)
			BackupInstance (0ms)
			ReleaseScriptingObjects (0ms)
			CreateAndSetChildDomain (37ms)
		EndReloadAssembly (811ms)
			LoadAssemblies (75ms)
			RebuildTransferFunctionScriptingTraits (0ms)
			SetupTypeCache (238ms)
			ReleaseScriptCaches (1ms)
			RebuildScriptCaches (51ms)
			SetupLoadedEditorAssemblies (353ms)
				LogAssemblyErrors (0ms)
				InitializePlatformSupportModulesInManaged (5ms)
				SetLoadedEditorAssemblies (0ms)
				RefreshPlugins (1ms)
				BeforeProcessingInitializeOnLoad (84ms)
				ProcessInitializeOnLoadAttributes (253ms)
				ProcessInitializeOnLoadMethodAttributes (5ms)
				AfterProcessingInitializeOnLoad (5ms)
				EditorAssembliesLoaded (0ms)
			ExecutionOrderSort2 (0ms)
			AwakeInstancesAfterBackupRestoration (10ms)
Platform modules already initialized, skipping
Refreshing native plugins compatible for Editor in 0.59 ms, found 3 plugins.
Preloading 0 native plugins for Editor in 0.00 ms.
Unloading 2087 Unused Serialized files (Serialized files now loaded: 0)
System memory in use before: 96.7 MB.
System memory in use after: 96.8 MB.

Unloading 16 unused Assets to reduce memory usage. Loaded Objects now: 2670.
Total: 3.209900 ms (FindLiveObjects: 0.276300 ms CreateObjectMapping: 0.052700 ms MarkObjects: 2.858600 ms  DeleteObjects: 0.021100 ms)

AssetImportParameters requested are different than current active one (requested -> active):
  custom:framework-win-MediaFoundation: 216162199b28c13a410421893ffa2e32 -> 
  custom:video-decoder-ogg-theora: a1e56fd34408186e4bbccfd4996cb3dc -> 
  custom:container-muxer-webm: aa71ff27fc2769a1b78a27578f13a17b -> 
  custom:container-demuxer-webm: 4f35f7cbe854078d1ac9338744f61a02 -> 
  custom:container-demuxer-ogg: 62fdf1f143b41e24485cea50d1cbac27 -> 
  custom:video-encoder-webm-vp8: eb34c28f22e8b96e1ab97ce403110664 -> 
  custom:video-decoder-webm-vp8: 9c59270c3fd7afecdb556c50c9e8de78 -> 
  custom:audio-decoder-ogg-vorbis: bf7c407c2cedff20999df2af8eb42d56 -> 
  custom:audio-encoder-webm-vorbis: bf7c407c2cedff20999df2af8eb42d56 -> 
========================================================================
Received Import Request.
  Time since last request: 281.582578 seconds.
  path: Assets/Character/PlayerCharacter.prefab
  artifactKey: Guid(4161f95afa2905441bd8ad18038f6a7f) Importer(815301076,1909f56bfc062723c751e8b465ee728b)
Start importing Assets/Character/PlayerCharacter.prefab using Guid(4161f95afa2905441bd8ad18038f6a7f) Importer(815301076,1909f56bfc062723c751e8b465ee728b)  -> (artifact id: '467ae47f316e9e96bb23acb46c4f4005') in 0.051781 seconds 
  Import took 0.055509 seconds .

========================================================================
Received Import Request.
  Time since last request: 3.415566 seconds.
  path: Assets/Character/Sprites
  artifactKey: Guid(ea77e23dd124c164886a86ffc7e117d9) Importer(815301076,1909f56bfc062723c751e8b465ee728b)
Start importing Assets/Character/Sprites using Guid(ea77e23dd124c164886a86ffc7e117d9) Importer(815301076,1909f56bfc062723c751e8b465ee728b)  -> (artifact id: '0022325081e8ee3f654ff294a9a6cdba') in 0.007288 seconds 
  Import took 0.010744 seconds .

========================================================================
Received Import Request.
  Time since last request: 0.061210 seconds.
  path: Assets/Character/Sprites/character01.png
  artifactKey: Guid(c9b80df5a4b50124d9b41182f10fa119) Importer(815301076,1909f56bfc062723c751e8b465ee728b)
Start importing Assets/Character/Sprites/character01.png using Guid(c9b80df5a4b50124d9b41182f10fa119) Importer(815301076,1909f56bfc062723c751e8b465ee728b)  -> (artifact id: 'dad3942932771b821714231692c888fc') in 0.038457 seconds 
  Import took 0.041839 seconds .

========================================================================
Received Import Request.
  Time since last request: 0.000166 seconds.
  path: Assets/Character/Sprites/character02.png
  artifactKey: Guid(62a0b3bb13deb8e4c87c111bf38b7a76) Importer(815301076,1909f56bfc062723c751e8b465ee728b)
Start importing Assets/Character/Sprites/character02.png using Guid(62a0b3bb13deb8e4c87c111bf38b7a76) Importer(815301076,1909f56bfc062723c751e8b465ee728b)  -> (artifact id: 'c360667df549e1f0997ee6b479eb1ec5') in 0.019414 seconds 
  Import took 0.022553 seconds .

========================================================================
Received Import Request.
  Time since last request: 15.896899 seconds.
  path: Assets/TextMesh Pro/Sprites
  artifactKey: Guid(d0603b6d5186471b96c778c3949c7ce2) Importer(815301076,1909f56bfc062723c751e8b465ee728b)
Start importing Assets/TextMesh Pro/Sprites using Guid(d0603b6d5186471b96c778c3949c7ce2) Importer(815301076,1909f56bfc062723c751e8b465ee728b)  -> (artifact id: 'c825b4ecabc52a724fdd8944d5209777') in 0.002256 seconds 
  Import took 0.005608 seconds .

========================================================================
Received Import Request.
  Time since last request: 0.025080 seconds.
  path: Assets/TextMesh Pro/Sprites/EmojiOne.png
  artifactKey: Guid(dffef66376be4fa480fb02b19edbe903) Importer(815301076,1909f56bfc062723c751e8b465ee728b)
Start importing Assets/TextMesh Pro/Sprites/EmojiOne.png using Guid(dffef66376be4fa480fb02b19edbe903) Importer(815301076,1909f56bfc062723c751e8b465ee728b)  -> (artifact id: 'd78a27303d38c5bc73b55289faa0930d') in 0.011532 seconds 
  Import took 0.014738 seconds .

========================================================================
Received Import Request.
  Time since last request: 5.569414 seconds.
  path: Assets/Character/Scripts/PlayerBehaviour.cs
  artifactKey: Guid(dc84592e42fc0e2418e6687b23d47427) Importer(815301076,1909f56bfc062723c751e8b465ee728b)
Start importing Assets/Character/Scripts/PlayerBehaviour.cs using Guid(dc84592e42fc0e2418e6687b23d47427) Importer(815301076,1909f56bfc062723c751e8b465ee728b)  -> (artifact id: 'fc0351003ec6268c415baefe5e00bec4') in 0.011841 seconds 
  Import took 0.015640 seconds .

========================================================================
Received Prepare
Registering precompiled user dll's ...
Registered in 0.003384 seconds.
Begin MonoManager ReloadAssembly
Native extension for WindowsStandalone target not found
Refreshing native plugins compatible for Editor in 0.70 ms, found 3 plugins.
Preloading 0 native plugins for Editor in 0.00 ms.
Mono: successfully reloaded assembly
- Completed reload, in  0.975 seconds
Domain Reload Profiling:
	ReloadAssembly (975ms)
		BeginReloadAssembly (101ms)
			ExecutionOrderSort (0ms)
			DisableScriptedObjects (6ms)
			BackupInstance (0ms)
			ReleaseScriptingObjects (0ms)
			CreateAndSetChildDomain (35ms)
		EndReloadAssembly (820ms)
			LoadAssemblies (76ms)
			RebuildTransferFunctionScriptingTraits (0ms)
			SetupTypeCache (233ms)
			ReleaseScriptCaches (1ms)
			RebuildScriptCaches (48ms)
			SetupLoadedEditorAssemblies (369ms)
				LogAssemblyErrors (0ms)
				InitializePlatformSupportModulesInManaged (5ms)
				SetLoadedEditorAssemblies (0ms)
				RefreshPlugins (1ms)
				BeforeProcessingInitializeOnLoad (84ms)
				ProcessInitializeOnLoadAttributes (268ms)
				ProcessInitializeOnLoadMethodAttributes (5ms)
				AfterProcessingInitializeOnLoad (6ms)
				EditorAssembliesLoaded (0ms)
			ExecutionOrderSort2 (0ms)
			AwakeInstancesAfterBackupRestoration (9ms)
Platform modules already initialized, skipping
Refreshing native plugins compatible for Editor in 0.58 ms, found 3 plugins.
Preloading 0 native plugins for Editor in 0.00 ms.
Unloading 2087 Unused Serialized files (Serialized files now loaded: 0)
System memory in use before: 96.8 MB.
System memory in use after: 96.9 MB.

Unloading 16 unused Assets to reduce memory usage. Loaded Objects now: 2678.
Total: 3.278300 ms (FindLiveObjects: 0.245100 ms CreateObjectMapping: 0.049300 ms MarkObjects: 2.961400 ms  DeleteObjects: 0.021100 ms)

AssetImportParameters requested are different than current active one (requested -> active):
  custom:framework-win-MediaFoundation: 216162199b28c13a410421893ffa2e32 -> 
  custom:video-decoder-ogg-theora: a1e56fd34408186e4bbccfd4996cb3dc -> 
  custom:container-muxer-webm: aa71ff27fc2769a1b78a27578f13a17b -> 
  custom:container-demuxer-webm: 4f35f7cbe854078d1ac9338744f61a02 -> 
  custom:container-demuxer-ogg: 62fdf1f143b41e24485cea50d1cbac27 -> 
  custom:video-encoder-webm-vp8: eb34c28f22e8b96e1ab97ce403110664 -> 
  custom:video-decoder-webm-vp8: 9c59270c3fd7afecdb556c50c9e8de78 -> 
  custom:audio-decoder-ogg-vorbis: bf7c407c2cedff20999df2af8eb42d56 -> 
  custom:audio-encoder-webm-vorbis: bf7c407c2cedff20999df2af8eb42d56 -> 
========================================================================
Received Prepare
Registering precompiled user dll's ...
Registered in 0.003592 seconds.
Begin MonoManager ReloadAssembly
Native extension for WindowsStandalone target not found
Refreshing native plugins compatible for Editor in 0.58 ms, found 3 plugins.
Preloading 0 native plugins for Editor in 0.00 ms.
Mono: successfully reloaded assembly
- Completed reload, in  0.953 seconds
Domain Reload Profiling:
	ReloadAssembly (953ms)
		BeginReloadAssembly (105ms)
			ExecutionOrderSort (0ms)
			DisableScriptedObjects (6ms)
			BackupInstance (0ms)
			ReleaseScriptingObjects (0ms)
			CreateAndSetChildDomain (33ms)
		EndReloadAssembly (792ms)
			LoadAssemblies (75ms)
			RebuildTransferFunctionScriptingTraits (0ms)
			SetupTypeCache (230ms)
			ReleaseScriptCaches (1ms)
			RebuildScriptCaches (47ms)
			SetupLoadedEditorAssemblies (348ms)
				LogAssemblyErrors (0ms)
				InitializePlatformSupportModulesInManaged (5ms)
				SetLoadedEditorAssemblies (0ms)
				RefreshPlugins (1ms)
				BeforeProcessingInitializeOnLoad (81ms)
				ProcessInitializeOnLoadAttributes (251ms)
				ProcessInitializeOnLoadMethodAttributes (5ms)
				AfterProcessingInitializeOnLoad (6ms)
				EditorAssembliesLoaded (0ms)
			ExecutionOrderSort2 (0ms)
			AwakeInstancesAfterBackupRestoration (9ms)
Platform modules already initialized, skipping
Refreshing native plugins compatible for Editor in 0.46 ms, found 3 plugins.
Preloading 0 native plugins for Editor in 0.00 ms.
Unloading 2087 Unused Serialized files (Serialized files now loaded: 0)
System memory in use before: 96.8 MB.
System memory in use after: 96.9 MB.

Unloading 16 unused Assets to reduce memory usage. Loaded Objects now: 2681.
Total: 3.368400 ms (FindLiveObjects: 0.244500 ms CreateObjectMapping: 0.047600 ms MarkObjects: 3.050400 ms  DeleteObjects: 0.024700 ms)

AssetImportParameters requested are different than current active one (requested -> active):
  custom:framework-win-MediaFoundation: 216162199b28c13a410421893ffa2e32 -> 
  custom:video-decoder-ogg-theora: a1e56fd34408186e4bbccfd4996cb3dc -> 
  custom:container-muxer-webm: aa71ff27fc2769a1b78a27578f13a17b -> 
  custom:container-demuxer-webm: 4f35f7cbe854078d1ac9338744f61a02 -> 
  custom:container-demuxer-ogg: 62fdf1f143b41e24485cea50d1cbac27 -> 
  custom:video-encoder-webm-vp8: eb34c28f22e8b96e1ab97ce403110664 -> 
  custom:video-decoder-webm-vp8: 9c59270c3fd7afecdb556c50c9e8de78 -> 
  custom:audio-decoder-ogg-vorbis: bf7c407c2cedff20999df2af8eb42d56 -> 
  custom:audio-encoder-webm-vorbis: bf7c407c2cedff20999df2af8eb42d56 -> 
AssetImportWorkerClient::OnTransportError - code=2 error=End of file
